# JRE version: Java(TM) SE Runtime Environment (8.0_151-b12) (build 1.8.0_151-b12)
# Java VM: Java HotSpot(TM) 64-Bit Server VM (25.151-b12 mixed mode windows-amd64 compressed oops)
Heap:
 PSYoungGen      total 1050112K, used 371654K [0x0000000580100000, 0x00000005c7880000, 0x0000000800000000)
  eden space 963072K, 37% used [0x0000000580100000,0x0000000595d30110,0x00000005bad80000)
  from space 87040K, 17% used [0x00000005c0280000,0x00000005c11417c0,0x00000005c5780000)
  to   space 87040K, 0% used [0x00000005bad80000,0x00000005bad80000,0x00000005c0280000)
 ParOldGen       total 1545216K, used 21466K [0x0000000080200000, 0x00000000de700000, 0x0000000580100000)
  object space 1545216K, 1% used [0x0000000080200000,0x00000000816f6af0,0x00000000de700000)
 Metaspace       used 46160K, capacity 56400K, committed 56536K, reserved 1091584K
  class space    used 11381K, capacity 14819K, committed 14848K, reserved 1048576K
GC Heap History (10 events):
Event: 4.279 GC heap before
{Heap before GC invocations=2 (full 1):
 PSYoungGen      total 611840K, used 16809K [0x0000000580100000, 0x00000005cac00000, 0x0000000800000000)
  eden space 524800K, 0% used [0x0000000580100000,0x0000000580100000,0x00000005a0180000)
  from space 87040K, 19% used [0x00000005a0180000,0x00000005a11ea640,0x00000005a5680000)
  to   space 87040K, 0% used [0x00000005c5700000,0x00000005c5700000,0x00000005cac00000)
 ParOldGen       total 1398272K, used 32K [0x0000000080200000, 0x00000000d5780000, 0x0000000580100000)
  object space 1398272K, 0% used [0x0000000080200000,0x0000000080208000,0x00000000d5780000)
 Metaspace       used 19593K, capacity 21128K, committed 21248K, reserved 1067008K
  class space    used 2802K, capacity 2956K, committed 3072K, reserved 1048576K
Event: 4.482 GC heap after
Heap after GC invocations=2 (full 1):
 PSYoungGen      total 611840K, used 0K [0x0000000580100000, 0x00000005cac00000, 0x0000000800000000)
  eden space 524800K, 0% used [0x0000000580100000,0x0000000580100000,0x00000005a0180000)
  from space 87040K, 0% used [0x00000005a0180000,0x00000005a0180000,0x00000005a5680000)
  to   space 87040K, 0% used [0x00000005c5700000,0x00000005c5700000,0x00000005cac00000)
 ParOldGen       total 915456K, used 16015K [0x0000000080200000, 0x00000000b8000000, 0x0000000580100000)
  object space 915456K, 1% used [0x0000000080200000,0x00000000811a3f00,0x00000000b8000000)
 Metaspace       used 19593K, capacity 21128K, committed 21248K, reserved 1067008K
  class space    used 2802K, capacity 2956K, committed 3072K, reserved 1048576K
}
Event: 9.030 GC heap before
{Heap before GC invocations=3 (full 1):
 PSYoungGen      total 611840K, used 524800K [0x0000000580100000, 0x00000005cac00000, 0x0000000800000000)
  eden space 524800K, 100% used [0x0000000580100000,0x00000005a0180000,0x00000005a0180000)
  from space 87040K, 0% used [0x00000005a0180000,0x00000005a0180000,0x00000005a5680000)
  to   space 87040K, 0% used [0x00000005c5700000,0x00000005c5700000,0x00000005cac00000)
 ParOldGen       total 915456K, used 16015K [0x0000000080200000, 0x00000000b8000000, 0x0000000580100000)
  object space 915456K, 1% used [0x0000000080200000,0x00000000811a3f00,0x00000000b8000000)
 Metaspace       used 31048K, capacity 35206K, committed 35416K, reserved 1077248K
  class space    used 6289K, capacity 7275K, committed 7296K, reserved 1048576K
Event: 9.135 GC heap after
Heap after GC invocations=3 (full 1):
 PSYoungGen      total 700416K, used 14545K [0x0000000580100000, 0x00000005c6580000, 0x0000000800000000)
  eden space 685568K, 0% used [0x0000000580100000,0x0000000580100000,0x00000005a9e80000)
  from space 14848K, 97% used [0x00000005c5700000,0x00000005c65346f8,0x00000005c6580000)
  to   space 87040K, 0% used [0x00000005bbb80000,0x00000005bbb80000,0x00000005c1080000)
 ParOldGen       total 915456K, used 16039K [0x0000000080200000, 0x00000000b8000000, 0x0000000580100000)
  object space 915456K, 1% used [0x0000000080200000,0x00000000811a9f00,0x00000000b8000000)
 Metaspace       used 31048K, capacity 35206K, committed 35416K, reserved 1077248K
  class space    used 6289K, capacity 7275K, committed 7296K, reserved 1048576K
}
Event: 9.135 GC heap before
{Heap before GC invocations=4 (full 2):
 PSYoungGen      total 700416K, used 14545K [0x0000000580100000, 0x00000005c6580000, 0x0000000800000000)
  eden space 685568K, 0% used [0x0000000580100000,0x0000000580100000,0x00000005a9e80000)
  from space 14848K, 97% used [0x00000005c5700000,0x00000005c65346f8,0x00000005c6580000)
  to   space 87040K, 0% used [0x00000005bbb80000,0x00000005bbb80000,0x00000005c1080000)
 ParOldGen       total 915456K, used 16039K [0x0000000080200000, 0x00000000b8000000, 0x0000000580100000)
  object space 915456K, 1% used [0x0000000080200000,0x00000000811a9f00,0x00000000b8000000)
 Metaspace       used 31048K, capacity 35206K, committed 35416K, reserved 1077248K
  class space    used 6289K, capacity 7275K, committed 7296K, reserved 1048576K
Event: 9.356 GC heap after
Heap after GC invocations=4 (full 2):
 PSYoungGen      total 700416K, used 0K [0x0000000580100000, 0x00000005c6580000, 0x0000000800000000)
  eden space 685568K, 0% used [0x0000000580100000,0x0000000580100000,0x00000005a9e80000)
  from space 14848K, 0% used [0x00000005c5700000,0x00000005c5700000,0x00000005c6580000)
  to   space 87040K, 0% used [0x00000005bbb80000,0x00000005bbb80000,0x00000005c1080000)
 ParOldGen       total 1545216K, used 21450K [0x0000000080200000, 0x00000000de700000, 0x0000000580100000)
  object space 1545216K, 1% used [0x0000000080200000,0x00000000816f2af0,0x00000000de700000)
 Metaspace       used 31048K, capacity 35206K, committed 35416K, reserved 1077248K
  class space    used 6289K, capacity 7275K, committed 7296K, reserved 1048576K
}
Event: 112.812 GC heap before
{Heap before GC invocations=5 (full 2):
 PSYoungGen      total 700416K, used 685568K [0x0000000580100000, 0x00000005c6580000, 0x0000000800000000)
  eden space 685568K, 100% used [0x0000000580100000,0x00000005a9e80000,0x00000005a9e80000)
  from space 14848K, 0% used [0x00000005c5700000,0x00000005c5700000,0x00000005c6580000)
  to   space 87040K, 0% used [0x00000005bbb80000,0x00000005bbb80000,0x00000005c1080000)
 ParOldGen       total 1545216K, used 21450K [0x0000000080200000, 0x00000000de700000, 0x0000000580100000)
  object space 1545216K, 1% used [0x0000000080200000,0x00000000816f2af0,0x00000000de700000)
 Metaspace       used 35393K, capacity 41394K, committed 41560K, reserved 1081344K
  class space    used 7353K, capacity 9036K, committed 9088K, reserved 1048576K
Event: 112.849 GC heap after
Heap after GC invocations=5 (full 2):
 PSYoungGen      total 845824K, used 2875K [0x0000000580100000, 0x00000005c5780000, 0x0000000800000000)
  eden space 842752K, 0% used [0x0000000580100000,0x0000000580100000,0x00000005b3800000)
  from space 3072K, 93% used [0x00000005bbb80000,0x00000005bbe4ec88,0x00000005bbe80000)
  to   space 87040K, 0% used [0x00000005c0280000,0x00000005c0280000,0x00000005c5780000)
 ParOldGen       total 1545216K, used 21458K [0x0000000080200000, 0x00000000de700000, 0x0000000580100000)
  object space 1545216K, 1% used [0x0000000080200000,0x00000000816f4af0,0x00000000de700000)
 Metaspace       used 35393K, capacity 41394K, committed 41560K, reserved 1081344K
  class space    used 7353K, capacity 9036K, committed 9088K, reserved 1048576K
}
Event: 293.732 GC heap before
{Heap before GC invocations=6 (full 2):
 PSYoungGen      total 845824K, used 845627K [0x0000000580100000, 0x00000005c5780000, 0x0000000800000000)
  eden space 842752K, 100% used [0x0000000580100000,0x00000005b3800000,0x00000005b3800000)
  from space 3072K, 93% used [0x00000005bbb80000,0x00000005bbe4ec88,0x00000005bbe80000)
  to   space 87040K, 0% used [0x00000005c0280000,0x00000005c0280000,0x00000005c5780000)
 ParOldGen       total 1545216K, used 21458K [0x0000000080200000, 0x00000000de700000, 0x0000000580100000)
  object space 1545216K, 1% used [0x0000000080200000,0x00000000816f4af0,0x00000000de700000)
 Metaspace       used 45210K, capacity 54810K, committed 55000K, reserved 1089536K
  class space    used 11125K, capacity 14325K, committed 14336K, reserved 1048576K
Event: 293.759 GC heap after
Heap after GC invocations=6 (full 2):
 PSYoungGen      total 1050112K, used 15109K [0x0000000580100000, 0x00000005c7880000, 0x0000000800000000)
  eden space 963072K, 0% used [0x0000000580100000,0x0000000580100000,0x00000005bad80000)
  from space 87040K, 17% used [0x00000005c0280000,0x00000005c11417c0,0x00000005c5780000)
  to   space 87040K, 0% used [0x00000005bad80000,0x00000005bad80000,0x00000005c0280000)
 ParOldGen       total 1545216K, used 21466K [0x0000000080200000, 0x00000000de700000, 0x0000000580100000)
  object space 1545216K, 1% used [0x0000000080200000,0x00000000816f6af0,0x00000000de700000)
 Metaspace       used 45210K, capacity 54810K, committed 55000K, reserved 1089536K
  class space    used 11125K, capacity 14325K, committed 14336K, reserved 1048576K
}

